Android/iboardpro/build/outputs/logs/manifest-merger-debug-report.txt
-- Merging decision tree log ---
manifest
ADDED from src\main\AndroidManifest.xml:2:1-81:12
INJECTED from src\main\AndroidManifest.xml:2:1-81:12
INJECTED from src\main\AndroidManifest.xml:2:1-81:12
INJECTED from src\main\AndroidManifest.xml:2:1-81:12
MERGED from [com.android.support:multidex:1.0.2] AndroidManifest.xml:17:1-22:12
MERGED from [:viewPagerLib] AndroidManifest.xml:2:1-11:12
MERGED from [:instagramLibrary] AndroidManifest.xml:2:1-11:12
MERGED from [com.android.support:appcompat-v7:24.0.0] AndroidManifest.xml:17:1-27:12
MERGED from [com.google.android.gms:play-services-ads:17.0.0] AndroidManifest.xml:17:1-25:12
MERGED from [com.google.android.gms:play-services-ads-identifier:16.0.0] AndroidManifest.xml:17:1-24:12
MERGED from [com.google.android.gms:play-services-ads-lite:17.0.0] AndroidManifest.xml:17:1-42:12
MERGED from [com.google.android.gms:play-services-gass:17.0.0] AndroidManifest.xml:2:1-9:12
MERGED from [com.google.android.gms:play-services-measurement-sdk-api:16.0.2] AndroidManifest.xml:17:1-30:12
MERGED from [com.google.android.gms:play-services-basement:16.0.1] AndroidManifest.xml:17:1-28:12
MERGED from [com.android.support:animated-vector-drawable:24.0.0] AndroidManifest.xml:17:1-24:12
MERGED from [com.android.support:support-vector-drawable:24.0.0] AndroidManifest.xml:17:1-25:12
MERGED from [com.android.support:support-v4:26.1.0] AndroidManifest.xml:17:1-31:12
MERGED from [com.android.support:customtabs:26.1.0] AndroidManifest.xml:17:1-28:12
MERGED from [com.google.android.gms:play-services-ads-base:17.0.0] AndroidManifest.xml:2:1-9:12
MERGED from [com.android.support:support-media-compat:26.1.0] AndroidManifest.xml:17:1-31:12
MERGED from [com.android.support:support-fragment:26.1.0] AndroidManifest.xml:17:1-31:12
MERGED from [com.android.support:support-core-utils:26.1.0] AndroidManifest.xml:17:1-31:12
MERGED from [com.android.support:support-core-ui:26.1.0] AndroidManifest.xml:17:1-31:12
MERGED from [com.android.support:support-compat:26.1.0] AndroidManifest.xml:17:1-31:12
MERGED from [android.arch.lifecycle:runtime:1.0.0] AndroidManifest.xml:17:1-30:12
MERGED from [com.google.android.gms:play-services-measurement-base:16.0.3] AndroidManifest.xml:2:1-9:12
INJECTED from src\main\AndroidManifest.xml:2:1-81:12
INJECTED from src\main\AndroidManifest.xml:2:1-81:12
INJECTED from src\main\AndroidManifest.xml:2:1-81:12
	package
		ADDED from src\main\AndroidManifest.xml:4:5-39
		INJECTED from src\main\AndroidManifest.xml
		INJECTED from src\main\AndroidManifest.xml
	android:versionName
		ADDED from src\main\AndroidManifest.xml:6:5-32
		INJECTED from src\main\AndroidManifest.xml
		INJECTED from src\main\AndroidManifest.xml
	xmlns:tools
		ADDED from src\main\AndroidManifest.xml:3:5-51
	xmlns:android
		ADDED from src\main\AndroidManifest.xml:2:11-69
	android:versionCode
		ADDED from src\main\AndroidManifest.xml:5:5-29
		INJECTED from src\main\AndroidManifest.xml
		INJECTED from src\main\AndroidManifest.xml
uses-sdk
ADDED from src\main\AndroidManifest.xml:8:5-12:72
INJECTED from src\main\AndroidManifest.xml:8:5-12:72
INJECTED from src\main\AndroidManifest.xml:8:5-12:72
MERGED from [com.android.support:multidex:1.0.2] AndroidManifest.xml:20:5-43
MERGED from [com.android.support:multidex:1.0.2] AndroidManifest.xml:20:5-43
MERGED from [:viewPagerLib] AndroidManifest.xml:7:5-9:40
MERGED from [:viewPagerLib] AndroidManifest.xml:7:5-9:40
MERGED from [:instagramLibrary] AndroidManifest.xml:7:5-9:41
MERGED from [:instagramLibrary] AndroidManifest.xml:7:5-9:41
MERGED from [com.android.support:appcompat-v7:24.0.0] AndroidManifest.xml:21:5-23:78
MERGED from [com.android.support:appcompat-v7:24.0.0] AndroidManifest.xml:21:5-23:78
MERGED from [com.google.android.gms:play-services-ads:17.0.0] AndroidManifest.xml:21:5-23:62
MERGED from [com.google.android.gms:play-services-ads:17.0.0] AndroidManifest.xml:21:5-23:62
MERGED from [com.google.android.gms:play-services-ads-identifier:16.0.0] AndroidManifest.xml:20:5-44
MERGED from [com.google.android.gms:play-services-ads-identifier:16.0.0] AndroidManifest.xml:20:5-44
MERGED from [com.google.android.gms:play-services-ads-lite:17.0.0] AndroidManifest.xml:20:5-44
MERGED from [com.google.android.gms:play-services-ads-lite:17.0.0] AndroidManifest.xml:20:5-44
MERGED from [com.google.android.gms:play-services-gass:17.0.0] AndroidManifest.xml:5:5-44
MERGED from [com.google.android.gms:play-services-gass:17.0.0] AndroidManifest.xml:5:5-44
MERGED from [com.google.android.gms:play-services-measurement-sdk-api:16.0.2] AndroidManifest.xml:20:5-44
MERGED from [com.google.android.gms:play-services-measurement-sdk-api:16.0.2] AndroidManifest.xml:20:5-44
MERGED from [com.google.android.gms:play-services-basement:16.0.1] AndroidManifest.xml:20:5-44
MERGED from [com.google.android.gms:play-services-basement:16.0.1] AndroidManifest.xml:20:5-44
MERGED from [com.android.support:animated-vector-drawable:24.0.0] AndroidManifest.xml:20:5-44
MERGED from [com.android.support:animated-vector-drawable:24.0.0] AndroidManifest.xml:20:5-44
MERGED from [com.android.support:support-vector-drawable:24.0.0] AndroidManifest.xml:21:5-43
MERGED from [com.android.support:support-vector-drawable:24.0.0] AndroidManifest.xml:21:5-43
MERGED from [com.android.support:support-v4:26.1.0] AndroidManifest.xml:21:5-23:54
MERGED from [com.android.support:support-v4:26.1.0] AndroidManifest.xml:21:5-23:54
MERGED from [com.android.support:customtabs:26.1.0] AndroidManifest.xml:20:5-44
MERGED from [com.android.support:customtabs:26.1.0] AndroidManifest.xml:20:5-44
MERGED from [com.google.android.gms:play-services-ads-base:17.0.0] AndroidManifest.xml:5:5-44
MERGED from [com.google.android.gms:play-services-ads-base:17.0.0] AndroidManifest.xml:5:5-44
MERGED from [com.android.support:support-media-compat:26.1.0] AndroidManifest.xml:21:5-23:63
MERGED from [com.android.support:support-media-compat:26.1.0] AndroidManifest.xml:21:5-23:63
MERGED from [com.android.support:support-fragment:26.1.0] AndroidManifest.xml:21:5-23:60
MERGED from [com.android.support:support-fragment:26.1.0] AndroidManifest.xml:21:5-23:60
MERGED from [com.android.support:support-core-utils:26.1.0] AndroidManifest.xml:21:5-23:61
MERGED from [com.android.support:support-core-utils:26.1.0] AndroidManifest.xml:21:5-23:61
MERGED from [com.android.support:support-core-ui:26.1.0] AndroidManifest.xml:21:5-23:58
MERGED from [com.android.support:support-core-ui:26.1.0] AndroidManifest.xml:21:5-23:58
MERGED from [com.android.support:support-compat:26.1.0] AndroidManifest.xml:21:5-23:58
MERGED from [com.android.support:support-compat:26.1.0] AndroidManifest.xml:21:5-23:58
MERGED from [android.arch.lifecycle:runtime:1.0.0] AndroidManifest.xml:20:5-22:41
MERGED from [android.arch.lifecycle:runtime:1.0.0] AndroidManifest.xml:20:5-22:41
MERGED from [com.google.android.gms:play-services-measurement-base:16.0.3] AndroidManifest.xml:5:5-44
MERGED from [com.google.android.gms:play-services-measurement-base:16.0.3] AndroidManifest.xml:5:5-44
INJECTED from src\main\AndroidManifest.xml:8:5-12:72
INJECTED from src\main\AndroidManifest.xml:8:5-12:72
	tools:overrideLibrary
		ADDED from src\main\AndroidManifest.xml:12:9-69
	android:targetSdkVersion
		ADDED from src\main\AndroidManifest.xml:11:9-38
		INJECTED from src\main\AndroidManifest.xml
		INJECTED from src\main\AndroidManifest.xml
	android:minSdkVersion
		ADDED from src\main\AndroidManifest.xml:9:9-35
		INJECTED from src\main\AndroidManifest.xml
		INJECTED from src\main\AndroidManifest.xml
permission#com.socioboard.iboardpro.permission.C2D_MESSAGE
ADDED from src\main\AndroidManifest.xml:14:5-16:47
	android:protectionLevel
		ADDED from src\main\AndroidManifest.xml:16:9-44
	android:name
		ADDED from src\main\AndroidManifest.xml:15:9-71
uses-permission#android.permission.INTERNET
ADDED from src\main\AndroidManifest.xml:18:5-67
MERGED from [com.google.android.gms:play-services-ads-lite:17.0.0] AndroidManifest.xml:23:5-67
MERGED from [com.google.android.gms:play-services-ads-lite:17.0.0] AndroidManifest.xml:23:5-67
MERGED from [com.google.android.gms:play-services-measurement-sdk-api:16.0.2] AndroidManifest.xml:23:5-67
MERGED from [com.google.android.gms:play-services-measurement-sdk-api:16.0.2] AndroidManifest.xml:23:5-67
	android:name
		ADDED from src\main\AndroidManifest.xml:18:22-64
uses-permission#android.permission.ACCESS_NETWORK_STATE
ADDED from src\main\AndroidManifest.xml:19:5-79
MERGED from [com.google.android.gms:play-services-ads-lite:17.0.0] AndroidManifest.xml:24:5-79
MERGED from [com.google.android.gms:play-services-ads-lite:17.0.0] AndroidManifest.xml:24:5-79
MERGED from [com.google.android.gms:play-services-measurement-sdk-api:16.0.2] AndroidManifest.xml:24:5-79
MERGED from [com.google.android.gms:play-services-measurement-sdk-api:16.0.2] AndroidManifest.xml:24:5-79
	android:name
		ADDED from src\main\AndroidManifest.xml:19:22-76
uses-permission#android.permission.READ_EXTERNAL_STORAGE
ADDED from src\main\AndroidManifest.xml:20:5-80
	android:name
		ADDED from src\main\AndroidManifest.xml:20:22-77
uses-permission#android.permission.WRITE_EXTERNAL_STORAGE
ADDED from src\main\AndroidManifest.xml:21:5-81
	android:name
		ADDED from src\main\AndroidManifest.xml:21:22-78
uses-permission#android.permission.ACCESS_FINE_LOCATION
ADDED from src\main\AndroidManifest.xml:22:5-79
	android:name
		ADDED from src\main\AndroidManifest.xml:22:22-76
application
ADDED from src\main\AndroidManifest.xml:24:5-79:19
MERGED from [com.android.support:appcompat-v7:24.0.0] AndroidManifest.xml:25:5-20
MERGED from [com.android.support:appcompat-v7:24.0.0] AndroidManifest.xml:25:5-20
MERGED from [com.google.android.gms:play-services-ads-identifier:16.0.0] AndroidManifest.xml:22:5-20
MERGED from [com.google.android.gms:play-services-ads-identifier:16.0.0] AndroidManifest.xml:22:5-20
MERGED from [com.google.android.gms:play-services-ads-lite:17.0.0] AndroidManifest.xml:26:5-40:19
MERGED from [com.google.android.gms:play-services-ads-lite:17.0.0] AndroidManifest.xml:26:5-40:19
MERGED from [com.google.android.gms:play-services-gass:17.0.0] AndroidManifest.xml:7:5-20
MERGED from [com.google.android.gms:play-services-gass:17.0.0] AndroidManifest.xml:7:5-20
MERGED from [com.google.android.gms:play-services-measurement-sdk-api:16.0.2] AndroidManifest.xml:27:5-28:19
MERGED from [com.google.android.gms:play-services-measurement-sdk-api:16.0.2] AndroidManifest.xml:27:5-28:19
MERGED from [com.google.android.gms:play-services-basement:16.0.1] AndroidManifest.xml:22:5-26:19
MERGED from [com.google.android.gms:play-services-basement:16.0.1] AndroidManifest.xml:22:5-26:19
MERGED from [com.android.support:animated-vector-drawable:24.0.0] AndroidManifest.xml:22:5-20
MERGED from [com.android.support:animated-vector-drawable:24.0.0] AndroidManifest.xml:22:5-20
MERGED from [com.android.support:support-vector-drawable:24.0.0] AndroidManifest.xml:23:5-20
MERGED from [com.android.support:support-vector-drawable:24.0.0] AndroidManifest.xml:23:5-20
MERGED from [com.android.support:support-v4:26.1.0] AndroidManifest.xml:25:5-29:19
MERGED from [com.android.support:support-v4:26.1.0] AndroidManifest.xml:25:5-29:19
MERGED from [com.android.support:customtabs:26.1.0] AndroidManifest.xml:22:5-26:19
MERGED from [com.android.support:customtabs:26.1.0] AndroidManifest.xml:22:5-26:19
MERGED from [com.google.android.gms:play-services-ads-base:17.0.0] AndroidManifest.xml:7:5-20
MERGED from [com.google.android.gms:play-services-ads-base:17.0.0] AndroidManifest.xml:7:5-20
MERGED from [com.android.support:support-media-compat:26.1.0] AndroidManifest.xml:25:5-29:19
MERGED from [com.android.support:support-media-compat:26.1.0] AndroidManifest.xml:25:5-29:19
MERGED from [com.android.support:support-fragment:26.1.0] AndroidManifest.xml:25:5-29:19
MERGED from [com.android.support:support-fragment:26.1.0] AndroidManifest.xml:25:5-29:19
MERGED from [com.android.support:support-core-utils:26.1.0] AndroidManifest.xml:25:5-29:19
MERGED from [com.android.support:support-core-utils:26.1.0] AndroidManifest.xml:25:5-29:19
MERGED from [com.android.support:support-core-ui:26.1.0] AndroidManifest.xml:25:5-29:19
MERGED from [com.android.support:support-core-ui:26.1.0] AndroidManifest.xml:25:5-29:19
MERGED from [com.android.support:support-compat:26.1.0] AndroidManifest.xml:25:5-29:19
MERGED from [com.android.support:support-compat:26.1.0] AndroidManifest.xml:25:5-29:19
MERGED from [android.arch.lifecycle:runtime:1.0.0] AndroidManifest.xml:24:5-28:19
MERGED from [android.arch.lifecycle:runtime:1.0.0] AndroidManifest.xml:24:5-28:19
MERGED from [com.google.android.gms:play-services-measurement-base:16.0.3] AndroidManifest.xml:7:5-20
MERGED from [com.google.android.gms:play-services-measurement-base:16.0.3] AndroidManifest.xml:7:5-20
	android:label
		ADDED from src\main\AndroidManifest.xml:28:9-41
	android:icon
		ADDED from src\main\AndroidManifest.xml:27:9-45
	android:allowBackup
		ADDED from src\main\AndroidManifest.xml:26:9-35
	android:theme
		ADDED from src\main\AndroidManifest.xml:29:9-40
	android:name
		ADDED from src\main\AndroidManifest.xml:25:9-62
meta-data#com.google.android.gms.version
ADDED from src\main\AndroidManifest.xml:30:9-32:69
MERGED from [com.google.android.gms:play-services-basement:16.0.1] AndroidManifest.xml:23:9-25:69
MERGED from [com.google.android.gms:play-services-basement:16.0.1] AndroidManifest.xml:23:9-25:69
	android:value
		ADDED from src\main\AndroidManifest.xml:32:13-66
	android:name
		ADDED from src\main\AndroidManifest.xml:31:13-58
activity#com.socioboard.iboardpro.MainActivity
ADDED from src\main\AndroidManifest.xml:34:9-83
	android:name
		ADDED from src\main\AndroidManifest.xml:34:19-71
activity#com.socioboard.iboardpro.SplashActivity
ADDED from src\main\AndroidManifest.xml:35:9-43:20
	android:label
		ADDED from src\main\AndroidManifest.xml:37:13-45
	android:name
		ADDED from src\main\AndroidManifest.xml:36:13-43
intent-filter#android.intent.action.MAIN+android.intent.category.LAUNCHER
ADDED from src\main\AndroidManifest.xml:38:13-42:29
action#android.intent.action.MAIN
ADDED from src\main\AndroidManifest.xml:39:17-69
	android:name
		ADDED from src\main\AndroidManifest.xml:39:25-66
category#android.intent.category.LAUNCHER
ADDED from src\main\AndroidManifest.xml:41:17-77
	android:name
		ADDED from src\main\AndroidManifest.xml:41:27-74
activity#com.socioboard.iboardpro.WelcomeActivity
ADDED from src\main\AndroidManifest.xml:44:9-86
	android:name
		ADDED from src\main\AndroidManifest.xml:44:19-74
activity#com.socioboard.iboardpro.Blankscheduleactivity
ADDED from src\main\AndroidManifest.xml:45:9-92
	android:name
		ADDED from src\main\AndroidManifest.xml:45:19-80
receiver#com.socioboard.iboardpro.SchedulerCustomReceiver
ADDED from src\main\AndroidManifest.xml:47:9-85
	android:name
		ADDED from src\main\AndroidManifest.xml:47:19-82
receiver#com.parse.GcmBroadcastReceiver
ADDED from src\main\AndroidManifest.xml:48:9-57:20
	android:permission
		ADDED from src\main\AndroidManifest.xml:50:13-73
	android:name
		ADDED from src\main\AndroidManifest.xml:49:13-58
intent-filter#com.google.android.c2dm.intent.RECEIVE+com.google.android.c2dm.intent.REGISTRATION+com.socioboard.iboardpro
ADDED from src\main\AndroidManifest.xml:51:13-56:29
action#com.google.android.c2dm.intent.RECEIVE
ADDED from src\main\AndroidManifest.xml:52:17-81
	android:name
		ADDED from src\main\AndroidManifest.xml:52:25-78
action#com.google.android.c2dm.intent.REGISTRATION
ADDED from src\main\AndroidManifest.xml:53:17-86
	android:name
		ADDED from src\main\AndroidManifest.xml:53:25-83
category#com.socioboard.iboardpro
ADDED from src\main\AndroidManifest.xml:55:17-69
	android:name
		ADDED from src\main\AndroidManifest.xml:55:27-66
receiver#com.socioboard.iboardpro.MyCustomReceiver
ADDED from src\main\AndroidManifest.xml:58:9-64:20
	android:exported
		ADDED from src\main\AndroidManifest.xml:60:13-37
	android:name
		ADDED from src\main\AndroidManifest.xml:59:13-69
intent-filter#com.socioboard.iboardpro.UPDATE_STATUS
ADDED from src\main\AndroidManifest.xml:61:13-63:29
action#com.socioboard.iboardpro.UPDATE_STATUS
ADDED from src\main\AndroidManifest.xml:62:17-81
	android:name
		ADDED from src\main\AndroidManifest.xml:62:25-78
receiver#com.appnext.appnextsdk.ReferralReceiver
ADDED from src\main\AndroidManifest.xml:67:9-73:20
	android:exported
		ADDED from src\main\AndroidManifest.xml:69:13-36
	android:name
		ADDED from src\main\AndroidManifest.xml:68:13-67
intent-filter#com.android.vending.INSTALL_REFERRER
ADDED from src\main\AndroidManifest.xml:70:13-72:29
action#com.android.vending.INSTALL_REFERRER
ADDED from src\main\AndroidManifest.xml:71:17-79
	android:name
		ADDED from src\main\AndroidManifest.xml:71:25-76
activity#com.google.android.gms.ads.AdActivity
ADDED from src\main\AndroidManifest.xml:76:9-78:134
MERGED from [com.google.android.gms:play-services-ads-lite:17.0.0] AndroidManifest.xml:29:9-33:64
MERGED from [com.google.android.gms:play-services-ads-lite:17.0.0] AndroidManifest.xml:29:9-33:64
	android:exported
		ADDED from [com.google.android.gms:play-services-ads-lite:17.0.0] AndroidManifest.xml:32:13-37
	android:configChanges
		ADDED from src\main\AndroidManifest.xml:78:13-122
	android:theme
		ADDED from [com.google.android.gms:play-services-ads-lite:17.0.0] AndroidManifest.xml:33:13-61
	android:name
		ADDED from src\main\AndroidManifest.xml:77:13-65
provider#com.google.android.gms.ads.MobileAdsInitProvider
ADDED from [com.google.android.gms:play-services-ads-lite:17.0.0] AndroidManifest.xml:35:9-39:39
	android:authorities
		ADDED from [com.google.android.gms:play-services-ads-lite:17.0.0] AndroidManifest.xml:37:13-73
	android:exported
		ADDED from [com.google.android.gms:play-services-ads-lite:17.0.0] AndroidManifest.xml:38:13-37
	android:initOrder
		ADDED from [com.google.android.gms:play-services-ads-lite:17.0.0] AndroidManifest.xml:39:13-36
	android:name
		ADDED from [com.google.android.gms:play-services-ads-lite:17.0.0] AndroidManifest.xml:36:13-76
uses-permission#android.permission.WAKE_LOCK
ADDED from [com.google.android.gms:play-services-measurement-sdk-api:16.0.2] AndroidManifest.xml:25:5-68
	android:name
		ADDED from [com.google.android.gms:play-services-measurement-sdk-api:16.0.2] AndroidManifest.xml:25:22-65
meta-data#android.support.VERSION
ADDED from [com.android.support:support-v4:26.1.0] AndroidManifest.xml:26:9-28:38
MERGED from [com.android.support:customtabs:26.1.0] AndroidManifest.xml:23:9-25:38
MERGED from [com.android.support:customtabs:26.1.0] AndroidManifest.xml:23:9-25:38
MERGED from [com.android.support:support-media-compat:26.1.0] AndroidManifest.xml:26:9-28:38
MERGED from [com.android.support:support-media-compat:26.1.0] AndroidManifest.xml:26:9-28:38
MERGED from [com.android.support:support-fragment:26.1.0] AndroidManifest.xml:26:9-28:38
MERGED from [com.android.support:support-fragment:26.1.0] AndroidManifest.xml:26:9-28:38
MERGED from [com.android.support:support-core-utils:26.1.0] AndroidManifest.xml:26:9-28:38
MERGED from [com.android.support:support-core-utils:26.1.0] AndroidManifest.xml:26:9-28:38
MERGED from [com.android.support:support-core-ui:26.1.0] AndroidManifest.xml:26:9-28:38
MERGED from [com.android.support:support-core-ui:26.1.0] AndroidManifest.xml:26:9-28:38
MERGED from [com.android.support:support-compat:26.1.0] AndroidManifest.xml:26:9-28:38
MERGED from [com.android.support:support-compat:26.1.0] AndroidManifest.xml:26:9-28:38
	android:value
		ADDED from [com.android.support:support-v4:26.1.0] AndroidManifest.xml:28:13-35
	android:name
		ADDED from [com.android.support:support-v4:26.1.0] AndroidManifest.xml:27:13-51
meta-data#android.arch.lifecycle.VERSION
ADDED from [android.arch.lifecycle:runtime:1.0.0] AndroidManifest.xml:25:9-27:47
	android:value
		ADDED from [android.arch.lifecycle:runtime:1.0.0] AndroidManifest.xml:27:13-44
	android:name
		ADDED from [android.arch.lifecycle:runtime:1.0.0] AndroidManifest.xml:26:13-58